<?xml version="1.0" encoding="UTF-8"?>
<!-- Generated by org.testng.reporters.JUnitXMLReporter -->
<testsuite hostname="Emmanuel-Pius-Ogiji.local" ignored="0" tests="4" failures="0" timestamp="13 Dec 2018 11:32:23 GMT" time="1.397" errors="0">
  <testcase name="createNewUser" time="1.208" classname="UsersTest"/>
  <testcase name="deleteNewUser" time="0.028" classname="UsersTest"/>
  <testcase name="getProjects" time="0.125" classname="StatusTest"/>
  <testcase name="getServer" time="0.024" classname="StatusTest"/>
</testsuite>
