<?xml version="1.0" encoding="UTF-8"?>
<!-- Generated by org.testng.reporters.JUnitXMLReporter -->
<testsuite hostname="Emmanuel-Pius-Ogiji.local" ignored="0" tests="4" failures="0" timestamp="13 Dec 2018 16:15:47 GMT" time="1.288" errors="0">
  <testcase name="createNewUser" time="1.172" classname="UsersTest"/>
  <testcase name="deleteNewUser" time="0.043" classname="UsersTest"/>
  <testcase name="getProjects" time="0.04" classname="StatusTest"/>
  <testcase name="getServer" time="0.021" classname="StatusTest"/>
</testsuite>
