<?xml version="1.0" encoding="UTF-8"?>
<testng-results skipped="0" failed="0" ignored="0" total="4" passed="4">
  <reporter-output>
  </reporter-output>
  <suite name="example suite 1" duration-ms="1271" started-at="2018-12-13T11:09:50Z" finished-at="2018-12-13T11:09:52Z">
    <groups>
    </groups>
    <test name="APITest" duration-ms="1271" started-at="2018-12-13T11:09:50Z" finished-at="2018-12-13T11:09:52Z">
      <class name="UsersTest">
        <test-method status="PASS" signature="createNewUser()[pri:0, instance:UsersTest@2cb4c3ab]" name="createNewUser" duration-ms="1128" started-at="2018-12-13T11:09:50Z" finished-at="2018-12-13T11:09:51Z">
          <reporter-output>
          </reporter-output>
        </test-method> <!-- createNewUser -->
        <test-method status="PASS" signature="deleteUser()[pri:0, instance:UsersTest@2cb4c3ab]" name="deleteUser" duration-ms="28" started-at="2018-12-13T11:09:51Z" finished-at="2018-12-13T11:09:52Z">
          <reporter-output>
          </reporter-output>
        </test-method> <!-- deleteUser -->
      </class> <!-- UsersTest -->
      <class name="StatusTest">
        <test-method status="PASS" signature="getEnvironment()[pri:0, instance:StatusTest@13c78c0b]" name="getEnvironment" is-config="true" duration-ms="6" started-at="2018-12-13T11:09:50Z" finished-at="2018-12-13T11:09:50Z">
          <reporter-output>
          </reporter-output>
        </test-method> <!-- getEnvironment -->
        <test-method status="PASS" signature="getEnvironment()[pri:0, instance:UsersTest@2cb4c3ab]" name="getEnvironment" is-config="true" duration-ms="1" started-at="2018-12-13T11:09:50Z" finished-at="2018-12-13T11:09:50Z">
          <reporter-output>
          </reporter-output>
        </test-method> <!-- getEnvironment -->
        <test-method status="PASS" signature="getProjects()[pri:0, instance:StatusTest@13c78c0b]" name="getProjects" duration-ms="85" started-at="2018-12-13T11:09:52Z" finished-at="2018-12-13T11:09:52Z">
          <reporter-output>
          </reporter-output>
        </test-method> <!-- getProjects -->
        <test-method status="PASS" signature="getServer()[pri:0, instance:StatusTest@13c78c0b]" name="getServer" duration-ms="19" started-at="2018-12-13T11:09:52Z" finished-at="2018-12-13T11:09:52Z">
          <reporter-output>
          </reporter-output>
        </test-method> <!-- getServer -->
      </class> <!-- StatusTest -->
    </test> <!-- APITest -->
  </suite> <!-- example suite 1 -->
</testng-results>
